{"/Users/lanagordon/Desktop/Projects/untitled-project/src/App.tsx": {"path":"/Users/lanagordon/Desktop/Projects/untitled-project/src/App.tsx","statementMap":{"0":{"start":{"line":11,"column":12},"end":{"line":66,"column":1}},"1":{"start":{"line":12,"column":50},"end":{"line":12,"column":72}},"2":{"start":{"line":13,"column":54},"end":{"line":13,"column":74}},"3":{"start":{"line":14,"column":50},"end":{"line":14,"column":70}},"4":{"start":{"line":16,"column":29},"end":{"line":22,"column":5}},"5":{"start":{"line":17,"column":8},"end":{"line":21,"column":10}},"6":{"start":{"line":19,"column":16},"end":{"line":19,"column":52}},"7":{"start":{"line":24,"column":30},"end":{"line":26,"column":5}},"8":{"start":{"line":25,"column":8},"end":{"line":25,"column":36}},"9":{"start":{"line":28,"column":4},"end":{"line":30,"column":26}},"10":{"start":{"line":29,"column":8},"end":{"line":29,"column":34}},"11":{"start":{"line":32,"column":36},"end":{"line":45,"column":5}},"12":{"start":{"line":33,"column":8},"end":{"line":44,"column":9}},"13":{"start":{"line":34,"column":12},"end":{"line":34,"column":50}},"14":{"start":{"line":36,"column":46},"end":{"line":42,"column":13}},"15":{"start":{"line":38,"column":20},"end":{"line":40,"column":23}},"16":{"start":{"line":39,"column":24},"end":{"line":39,"column":65}},"17":{"start":{"line":43,"column":12},"end":{"line":43,"column":58}},"18":{"start":{"line":47,"column":4},"end":{"line":65,"column":6}}},"fnMap":{"0":{"name":"(anonymous_0)","decl":{"start":{"line":11,"column":12},"end":{"line":11,"column":13}},"loc":{"start":{"line":11,"column":18},"end":{"line":66,"column":1}},"line":11},"1":{"name":"(anonymous_1)","decl":{"start":{"line":16,"column":29},"end":{"line":16,"column":30}},"loc":{"start":{"line":16,"column":51},"end":{"line":22,"column":5}},"line":16},"2":{"name":"(anonymous_2)","decl":{"start":{"line":18,"column":12},"end":{"line":18,"column":13}},"loc":{"start":{"line":18,"column":26},"end":{"line":20,"column":13}},"line":18},"3":{"name":"(anonymous_3)","decl":{"start":{"line":24,"column":30},"end":{"line":24,"column":31}},"loc":{"start":{"line":24,"column":53},"end":{"line":26,"column":5}},"line":24},"4":{"name":"(anonymous_4)","decl":{"start":{"line":28,"column":14},"end":{"line":28,"column":15}},"loc":{"start":{"line":28,"column":20},"end":{"line":30,"column":5}},"line":28},"5":{"name":"(anonymous_5)","decl":{"start":{"line":32,"column":36},"end":{"line":32,"column":37}},"loc":{"start":{"line":32,"column":42},"end":{"line":45,"column":5}},"line":32},"6":{"name":"(anonymous_6)","decl":{"start":{"line":37,"column":16},"end":{"line":37,"column":17}},"loc":{"start":{"line":37,"column":36},"end":{"line":41,"column":17}},"line":37},"7":{"name":"(anonymous_7)","decl":{"start":{"line":38,"column":48},"end":{"line":38,"column":49}},"loc":{"start":{"line":38,"column":68},"end":{"line":40,"column":21}},"line":38}},"branchMap":{"0":{"loc":{"start":{"line":33,"column":8},"end":{"line":44,"column":9}},"type":"if","locations":[{"start":{"line":33,"column":8},"end":{"line":44,"column":9}},{"start":{"line":35,"column":15},"end":{"line":44,"column":9}}],"line":33}},"s":{"0":0,"1":0,"2":0,"3":0,"4":0,"5":0,"6":0,"7":0,"8":0,"9":0,"10":0,"11":0,"12":0,"13":0,"14":0,"15":0,"16":0,"17":0,"18":0},"f":{"0":0,"1":0,"2":0,"3":0,"4":0,"5":0,"6":0,"7":0},"b":{"0":[0,0]}}
,"/Users/lanagordon/Desktop/Projects/untitled-project/src/index.tsx": {"path":"/Users/lanagordon/Desktop/Projects/untitled-project/src/index.tsx","statementMap":{"0":{"start":{"line":7,"column":13},"end":{"line":9,"column":1}},"1":{"start":{"line":10,"column":0},"end":{"line":16,"column":2}}},"fnMap":{},"branchMap":{},"s":{"0":0,"1":0},"f":{},"b":{}}
,"/Users/lanagordon/Desktop/Projects/untitled-project/src/components/autocomplete/Trie.js": {"path":"/Users/lanagordon/Desktop/Projects/untitled-project/src/components/autocomplete/Trie.js","statementMap":{"0":{"start":{"line":3,"column":4},"end":{"line":3,"column":25}},"1":{"start":{"line":4,"column":4},"end":{"line":4,"column":27}},"2":{"start":{"line":5,"column":4},"end":{"line":5,"column":26}},"3":{"start":{"line":6,"column":4},"end":{"line":6,"column":28}},"4":{"start":{"line":9,"column":4},"end":{"line":9,"column":27}},"5":{"start":{"line":13,"column":19},"end":{"line":13,"column":23}},"6":{"start":{"line":14,"column":26},"end":{"line":14,"column":28}},"7":{"start":{"line":15,"column":8},"end":{"line":18,"column":9}},"8":{"start":{"line":16,"column":12},"end":{"line":16,"column":45}},"9":{"start":{"line":17,"column":12},"end":{"line":17,"column":35}},"10":{"start":{"line":19,"column":8},"end":{"line":19,"column":36}},"11":{"start":{"line":25,"column":4},"end":{"line":25,"column":35}},"12":{"start":{"line":28,"column":4},"end":{"line":28,"column":25}},"13":{"start":{"line":29,"column":4},"end":{"line":29,"column":29}},"14":{"start":{"line":30,"column":4},"end":{"line":30,"column":21}},"15":{"start":{"line":34,"column":19},"end":{"line":34,"column":28}},"16":{"start":{"line":35,"column":8},"end":{"line":48,"column":9}},"17":{"start":{"line":35,"column":21},"end":{"line":35,"column":22}},"18":{"start":{"line":36,"column":35},"end":{"line":36,"column":42}},"19":{"start":{"line":37,"column":12},"end":{"line":41,"column":13}},"20":{"start":{"line":39,"column":16},"end":{"line":39,"column":80}},"21":{"start":{"line":40,"column":16},"end":{"line":40,"column":67}},"22":{"start":{"line":42,"column":12},"end":{"line":42,"column":52}},"23":{"start":{"line":45,"column":12},"end":{"line":47,"column":13}},"24":{"start":{"line":46,"column":16},"end":{"line":46,"column":39}},"25":{"start":{"line":53,"column":19},"end":{"line":53,"column":28}},"26":{"start":{"line":54,"column":8},"end":{"line":63,"column":9}},"27":{"start":{"line":54,"column":21},"end":{"line":54,"column":22}},"28":{"start":{"line":55,"column":35},"end":{"line":55,"column":42}},"29":{"start":{"line":56,"column":28},"end":{"line":56,"column":60}},"30":{"start":{"line":57,"column":12},"end":{"line":62,"column":13}},"31":{"start":{"line":59,"column":16},"end":{"line":59,"column":33}},"32":{"start":{"line":61,"column":16},"end":{"line":61,"column":29}},"33":{"start":{"line":64,"column":8},"end":{"line":64,"column":31}},"34":{"start":{"line":69,"column":19},"end":{"line":69,"column":28}},"35":{"start":{"line":70,"column":21},"end":{"line":70,"column":23}},"36":{"start":{"line":71,"column":8},"end":{"line":80,"column":9}},"37":{"start":{"line":71,"column":21},"end":{"line":71,"column":22}},"38":{"start":{"line":72,"column":32},"end":{"line":72,"column":47}},"39":{"start":{"line":73,"column":28},"end":{"line":73,"column":57}},"40":{"start":{"line":74,"column":12},"end":{"line":79,"column":13}},"41":{"start":{"line":76,"column":16},"end":{"line":76,"column":33}},"42":{"start":{"line":78,"column":16},"end":{"line":78,"column":30}},"43":{"start":{"line":83,"column":8},"end":{"line":83,"column":35}},"44":{"start":{"line":84,"column":8},"end":{"line":84,"column":22}},"45":{"start":{"line":89,"column":8},"end":{"line":92,"column":9}},"46":{"start":{"line":91,"column":12},"end":{"line":91,"column":40}},"47":{"start":{"line":95,"column":8},"end":{"line":97,"column":9}},"48":{"start":{"line":96,"column":12},"end":{"line":96,"column":61}}},"fnMap":{"0":{"name":"TrieNode","decl":{"start":{"line":1,"column":9},"end":{"line":1,"column":17}},"loc":{"start":{"line":1,"column":26},"end":{"line":21,"column":1}},"line":1},"1":{"name":"getWord","decl":{"start":{"line":12,"column":13},"end":{"line":12,"column":20}},"loc":{"start":{"line":12,"column":23},"end":{"line":20,"column":5}},"line":12},"2":{"name":"Trie","decl":{"start":{"line":23,"column":9},"end":{"line":23,"column":13}},"loc":{"start":{"line":23,"column":16},"end":{"line":99,"column":1}},"line":23},"3":{"name":"insert","decl":{"start":{"line":33,"column":13},"end":{"line":33,"column":19}},"loc":{"start":{"line":33,"column":26},"end":{"line":49,"column":5}},"line":33},"4":{"name":"contains","decl":{"start":{"line":52,"column":13},"end":{"line":52,"column":21}},"loc":{"start":{"line":52,"column":28},"end":{"line":65,"column":5}},"line":52},"5":{"name":"find","decl":{"start":{"line":68,"column":13},"end":{"line":68,"column":17}},"loc":{"start":{"line":68,"column":32},"end":{"line":85,"column":5}},"line":68},"6":{"name":"findAllWords","decl":{"start":{"line":88,"column":13},"end":{"line":88,"column":25}},"loc":{"start":{"line":88,"column":37},"end":{"line":98,"column":5}},"line":88}},"branchMap":{"0":{"loc":{"start":{"line":37,"column":12},"end":{"line":41,"column":13}},"type":"if","locations":[{"start":{"line":37,"column":12},"end":{"line":41,"column":13}},{"start":{},"end":{}}],"line":37},"1":{"loc":{"start":{"line":45,"column":12},"end":{"line":47,"column":13}},"type":"if","locations":[{"start":{"line":45,"column":12},"end":{"line":47,"column":13}},{"start":{},"end":{}}],"line":45},"2":{"loc":{"start":{"line":57,"column":12},"end":{"line":62,"column":13}},"type":"if","locations":[{"start":{"line":57,"column":12},"end":{"line":62,"column":13}},{"start":{"line":60,"column":19},"end":{"line":62,"column":13}}],"line":57},"3":{"loc":{"start":{"line":74,"column":12},"end":{"line":79,"column":13}},"type":"if","locations":[{"start":{"line":74,"column":12},"end":{"line":79,"column":13}},{"start":{"line":77,"column":19},"end":{"line":79,"column":13}}],"line":74},"4":{"loc":{"start":{"line":89,"column":8},"end":{"line":92,"column":9}},"type":"if","locations":[{"start":{"line":89,"column":8},"end":{"line":92,"column":9}},{"start":{},"end":{}}],"line":89}},"s":{"0":0,"1":0,"2":0,"3":0,"4":0,"5":0,"6":0,"7":0,"8":0,"9":0,"10":0,"11":0,"12":0,"13":0,"14":0,"15":0,"16":0,"17":0,"18":0,"19":0,"20":0,"21":0,"22":0,"23":0,"24":0,"25":0,"26":0,"27":0,"28":0,"29":0,"30":0,"31":0,"32":0,"33":0,"34":0,"35":0,"36":0,"37":0,"38":0,"39":0,"40":0,"41":0,"42":0,"43":0,"44":0,"45":0,"46":0,"47":0,"48":0},"f":{"0":0,"1":0,"2":0,"3":0,"4":0,"5":0,"6":0},"b":{"0":[0,0],"1":[0,0],"2":[0,0],"3":[0,0],"4":[0,0]}}
,"/Users/lanagordon/Desktop/Projects/untitled-project/src/components/buttons/cta-button/CtaButton.tsx": {"path":"/Users/lanagordon/Desktop/Projects/untitled-project/src/components/buttons/cta-button/CtaButton.tsx","statementMap":{"0":{"start":{"line":5,"column":18},"end":{"line":16,"column":1}},"1":{"start":{"line":6,"column":4},"end":{"line":15,"column":6}}},"fnMap":{"0":{"name":"(anonymous_0)","decl":{"start":{"line":5,"column":18},"end":{"line":5,"column":19}},"loc":{"start":{"line":5,"column":34},"end":{"line":16,"column":1}},"line":5}},"branchMap":{},"s":{"0":1,"1":1},"f":{"0":1},"b":{},"_coverageSchema":"1a1c01bbd47fc00a2c39e90264f33305004495a9","hash":"4ebbdb932e6689c654d9b59c12ef0b4ec494a528"}
,"/Users/lanagordon/Desktop/Projects/untitled-project/src/components/buttons/option-button/OptionButton.tsx": {"path":"/Users/lanagordon/Desktop/Projects/untitled-project/src/components/buttons/option-button/OptionButton.tsx","statementMap":{"0":{"start":{"line":8,"column":21},"end":{"line":18,"column":1}},"1":{"start":{"line":9,"column":4},"end":{"line":17,"column":6}}},"fnMap":{"0":{"name":"(anonymous_0)","decl":{"start":{"line":8,"column":21},"end":{"line":8,"column":22}},"loc":{"start":{"line":8,"column":39},"end":{"line":18,"column":1}},"line":8}},"branchMap":{},"s":{"0":1,"1":14},"f":{"0":14},"b":{},"_coverageSchema":"1a1c01bbd47fc00a2c39e90264f33305004495a9","hash":"9a33307998a444f8936463c2bd2368215c79c013"}
,"/Users/lanagordon/Desktop/Projects/untitled-project/src/components/header/Header.tsx": {"path":"/Users/lanagordon/Desktop/Projects/untitled-project/src/components/header/Header.tsx","statementMap":{"0":{"start":{"line":8,"column":15},"end":{"line":19,"column":1}},"1":{"start":{"line":9,"column":4},"end":{"line":18,"column":6}}},"fnMap":{"0":{"name":"(anonymous_0)","decl":{"start":{"line":8,"column":15},"end":{"line":8,"column":16}},"loc":{"start":{"line":8,"column":33},"end":{"line":19,"column":1}},"line":8}},"branchMap":{},"s":{"0":1,"1":3},"f":{"0":3},"b":{},"_coverageSchema":"1a1c01bbd47fc00a2c39e90264f33305004495a9","hash":"866d46a5483bc4798ab73419beb7301dfcec825a"}
,"/Users/lanagordon/Desktop/Projects/untitled-project/src/components/navbar/Navbar.tsx": {"path":"/Users/lanagordon/Desktop/Projects/untitled-project/src/components/navbar/Navbar.tsx","statementMap":{"0":{"start":{"line":7,"column":15},"end":{"line":55,"column":1}},"1":{"start":{"line":8,"column":36},"end":{"line":8,"column":60}},"2":{"start":{"line":10,"column":27},"end":{"line":12,"column":5}},"3":{"start":{"line":11,"column":8},"end":{"line":11,"column":59}},"4":{"start":{"line":14,"column":4},"end":{"line":54,"column":6}}},"fnMap":{"0":{"name":"(anonymous_0)","decl":{"start":{"line":7,"column":15},"end":{"line":7,"column":16}},"loc":{"start":{"line":7,"column":21},"end":{"line":55,"column":1}},"line":7},"1":{"name":"(anonymous_1)","decl":{"start":{"line":10,"column":27},"end":{"line":10,"column":28}},"loc":{"start":{"line":10,"column":33},"end":{"line":12,"column":5}},"line":10}},"branchMap":{"0":{"loc":{"start":{"line":11,"column":8},"end":{"line":11,"column":58}},"type":"cond-expr","locations":[{"start":{"line":11,"column":20},"end":{"line":11,"column":37}},{"start":{"line":11,"column":40},"end":{"line":11,"column":58}}],"line":11},"1":{"loc":{"start":{"line":27,"column":33},"end":{"line":27,"column":66}},"type":"cond-expr","locations":[{"start":{"line":27,"column":44},"end":{"line":27,"column":61}},{"start":{"line":27,"column":64},"end":{"line":27,"column":66}}],"line":27},"2":{"loc":{"start":{"line":36,"column":33},"end":{"line":36,"column":66}},"type":"cond-expr","locations":[{"start":{"line":36,"column":44},"end":{"line":36,"column":61}},{"start":{"line":36,"column":64},"end":{"line":36,"column":66}}],"line":36}},"s":{"0":1,"1":5,"2":5,"3":0,"4":5},"f":{"0":5,"1":0},"b":{"0":[0,0],"1":[0,5],"2":[0,5]},"_coverageSchema":"1a1c01bbd47fc00a2c39e90264f33305004495a9","hash":"d66405414b5da8c0d13b64e48548bcafcc75e6a3"}
,"/Users/lanagordon/Desktop/Projects/untitled-project/src/components/results/Results.tsx": {"path":"/Users/lanagordon/Desktop/Projects/untitled-project/src/components/results/Results.tsx","statementMap":{"0":{"start":{"line":10,"column":16},"end":{"line":91,"column":1}},"1":{"start":{"line":11,"column":44},"end":{"line":11,"column":63}},"2":{"start":{"line":12,"column":36},"end":{"line":12,"column":55}},"3":{"start":{"line":13,"column":40},"end":{"line":13,"column":59}},"4":{"start":{"line":14,"column":36},"end":{"line":14,"column":55}},"5":{"start":{"line":16,"column":4},"end":{"line":21,"column":24}},"6":{"start":{"line":17,"column":8},"end":{"line":20,"column":9}},"7":{"start":{"line":18,"column":12},"end":{"line":18,"column":50}},"8":{"start":{"line":19,"column":12},"end":{"line":19,"column":50}},"9":{"start":{"line":23,"column":28},"end":{"line":35,"column":5}},"10":{"start":{"line":24,"column":8},"end":{"line":34,"column":9}},"11":{"start":{"line":25,"column":12},"end":{"line":27,"column":14}},"12":{"start":{"line":28,"column":12},"end":{"line":30,"column":14}},"13":{"start":{"line":31,"column":12},"end":{"line":33,"column":14}},"14":{"start":{"line":37,"column":28},"end":{"line":49,"column":5}},"15":{"start":{"line":38,"column":8},"end":{"line":48,"column":9}},"16":{"start":{"line":39,"column":12},"end":{"line":41,"column":14}},"17":{"start":{"line":42,"column":12},"end":{"line":44,"column":14}},"18":{"start":{"line":45,"column":12},"end":{"line":47,"column":14}},"19":{"start":{"line":51,"column":4},"end":{"line":90,"column":6}}},"fnMap":{"0":{"name":"(anonymous_0)","decl":{"start":{"line":10,"column":16},"end":{"line":10,"column":17}},"loc":{"start":{"line":10,"column":34},"end":{"line":91,"column":1}},"line":10},"1":{"name":"(anonymous_1)","decl":{"start":{"line":16,"column":14},"end":{"line":16,"column":15}},"loc":{"start":{"line":16,"column":20},"end":{"line":21,"column":5}},"line":16},"2":{"name":"(anonymous_2)","decl":{"start":{"line":23,"column":28},"end":{"line":23,"column":29}},"loc":{"start":{"line":23,"column":34},"end":{"line":35,"column":5}},"line":23},"3":{"name":"(anonymous_3)","decl":{"start":{"line":37,"column":28},"end":{"line":37,"column":29}},"loc":{"start":{"line":37,"column":34},"end":{"line":49,"column":5}},"line":37}},"branchMap":{"0":{"loc":{"start":{"line":17,"column":8},"end":{"line":20,"column":9}},"type":"if","locations":[{"start":{"line":17,"column":8},"end":{"line":20,"column":9}},{"start":{},"end":{}}],"line":17},"1":{"loc":{"start":{"line":24,"column":8},"end":{"line":34,"column":9}},"type":"if","locations":[{"start":{"line":24,"column":8},"end":{"line":34,"column":9}},{"start":{},"end":{}}],"line":24},"2":{"loc":{"start":{"line":26,"column":16},"end":{"line":26,"column":72}},"type":"cond-expr","locations":[{"start":{"line":26,"column":56},"end":{"line":26,"column":57}},{"start":{"line":26,"column":60},"end":{"line":26,"column":72}}],"line":26},"3":{"loc":{"start":{"line":29,"column":16},"end":{"line":29,"column":74}},"type":"cond-expr","locations":[{"start":{"line":29,"column":56},"end":{"line":29,"column":70}},{"start":{"line":29,"column":73},"end":{"line":29,"column":74}}],"line":29},"4":{"loc":{"start":{"line":32,"column":16},"end":{"line":32,"column":72}},"type":"cond-expr","locations":[{"start":{"line":32,"column":56},"end":{"line":32,"column":57}},{"start":{"line":32,"column":60},"end":{"line":32,"column":72}}],"line":32},"5":{"loc":{"start":{"line":38,"column":8},"end":{"line":48,"column":9}},"type":"if","locations":[{"start":{"line":38,"column":8},"end":{"line":48,"column":9}},{"start":{},"end":{}}],"line":38},"6":{"loc":{"start":{"line":40,"column":16},"end":{"line":40,"column":72}},"type":"cond-expr","locations":[{"start":{"line":40,"column":33},"end":{"line":40,"column":57}},{"start":{"line":40,"column":60},"end":{"line":40,"column":72}}],"line":40},"7":{"loc":{"start":{"line":43,"column":16},"end":{"line":43,"column":76}},"type":"cond-expr","locations":[{"start":{"line":43,"column":35},"end":{"line":43,"column":59}},{"start":{"line":43,"column":62},"end":{"line":43,"column":76}}],"line":43},"8":{"loc":{"start":{"line":46,"column":16},"end":{"line":46,"column":72}},"type":"cond-expr","locations":[{"start":{"line":46,"column":33},"end":{"line":46,"column":57}},{"start":{"line":46,"column":60},"end":{"line":46,"column":72}}],"line":46},"9":{"loc":{"start":{"line":60,"column":17},"end":{"line":87,"column":17}},"type":"cond-expr","locations":[{"start":{"line":61,"column":20},"end":{"line":84,"column":26}},{"start":{"line":86,"column":20},"end":{"line":86,"column":37}}],"line":60},"10":{"loc":{"start":{"line":60,"column":17},"end":{"line":60,"column":58}},"type":"binary-expr","locations":[{"start":{"line":60,"column":17},"end":{"line":60,"column":30}},{"start":{"line":60,"column":34},"end":{"line":60,"column":58}}],"line":60},"11":{"loc":{"start":{"line":62,"column":25},"end":{"line":67,"column":25}},"type":"binary-expr","locations":[{"start":{"line":62,"column":25},"end":{"line":62,"column":51}},{"start":{"line":63,"column":28},"end":{"line":66,"column":30}}],"line":62},"12":{"loc":{"start":{"line":68,"column":25},"end":{"line":83,"column":25}},"type":"binary-expr","locations":[{"start":{"line":68,"column":25},"end":{"line":68,"column":51}},{"start":{"line":69,"column":28},"end":{"line":82,"column":31}}],"line":68}},"s":{"0":3,"1":48,"2":48,"3":48,"4":48,"5":48,"6":20,"7":20,"8":20,"9":48,"10":3,"11":3,"12":3,"13":3,"14":48,"15":5,"16":5,"17":5,"18":5,"19":48},"f":{"0":48,"1":20,"2":3,"3":5},"b":{"0":[20,0],"1":[3,0],"2":[2,1],"3":[2,1],"4":[0,3],"5":[5,0],"6":[0,5],"7":[4,1],"8":[1,4],"9":[46,2],"10":[48,48],"11":[46,16],"12":[46,30]},"_coverageSchema":"1a1c01bbd47fc00a2c39e90264f33305004495a9","hash":"3cdefc1e9641e62fa6e19b2032ea81811fdf5ffd"}
,"/Users/lanagordon/Desktop/Projects/untitled-project/src/components/results/results-card/ResultsCard.tsx": {"path":"/Users/lanagordon/Desktop/Projects/untitled-project/src/components/results/results-card/ResultsCard.tsx","statementMap":{"0":{"start":{"line":12,"column":20},"end":{"line":75,"column":1}},"1":{"start":{"line":13,"column":4},"end":{"line":74,"column":6}}},"fnMap":{"0":{"name":"(anonymous_0)","decl":{"start":{"line":12,"column":20},"end":{"line":12,"column":21}},"loc":{"start":{"line":12,"column":38},"end":{"line":75,"column":1}},"line":12}},"branchMap":{"0":{"loc":{"start":{"line":14,"column":44},"end":{"line":14,"column":77}},"type":"cond-expr","locations":[{"start":{"line":14,"column":62},"end":{"line":14,"column":72}},{"start":{"line":14,"column":75},"end":{"line":14,"column":77}}],"line":14},"1":{"loc":{"start":{"line":15,"column":13},"end":{"line":72,"column":13}},"type":"binary-expr","locations":[{"start":{"line":15,"column":13},"end":{"line":15,"column":25}},{"start":{"line":16,"column":16},"end":{"line":71,"column":19}}],"line":15}},"s":{"0":3,"1":106},"f":{"0":106},"b":{"0":[60,46],"1":[106,106]},"_coverageSchema":"1a1c01bbd47fc00a2c39e90264f33305004495a9","hash":"a6813b23e4b3415fccf9db1c09af5d6c9cdef048"}
,"/Users/lanagordon/Desktop/Projects/untitled-project/src/components/results/results-nav/ResultsNav.tsx": {"path":"/Users/lanagordon/Desktop/Projects/untitled-project/src/components/results/results-nav/ResultsNav.tsx","statementMap":{"0":{"start":{"line":14,"column":19},"end":{"line":41,"column":1}},"1":{"start":{"line":15,"column":4},"end":{"line":40,"column":6}}},"fnMap":{"0":{"name":"(anonymous_0)","decl":{"start":{"line":14,"column":19},"end":{"line":14,"column":20}},"loc":{"start":{"line":14,"column":37},"end":{"line":41,"column":1}},"line":14}},"branchMap":{"0":{"loc":{"start":{"line":24,"column":17},"end":{"line":26,"column":75}},"type":"cond-expr","locations":[{"start":{"line":25,"column":22},"end":{"line":25,"column":33}},{"start":{"line":26,"column":22},"end":{"line":26,"column":75}}],"line":24}},"s":{"0":3,"1":48},"f":{"0":48},"b":{"0":[21,27]},"_coverageSchema":"1a1c01bbd47fc00a2c39e90264f33305004495a9","hash":"b4a017c16b117f0a9b9990c1941745d984af02a9"}
,"/Users/lanagordon/Desktop/Projects/untitled-project/src/components/search/SearchForm.tsx": {"path":"/Users/lanagordon/Desktop/Projects/untitled-project/src/components/search/SearchForm.tsx","statementMap":{"0":{"start":{"line":12,"column":19},"end":{"line":51,"column":1}},"1":{"start":{"line":13,"column":34},"end":{"line":13,"column":61}},"2":{"start":{"line":14,"column":28},"end":{"line":14,"column":43}},"3":{"start":{"line":15,"column":40},"end":{"line":15,"column":63}},"4":{"start":{"line":17,"column":21},"end":{"line":17,"column":34}},"5":{"start":{"line":19,"column":4},"end":{"line":21,"column":24}},"6":{"start":{"line":20,"column":8},"end":{"line":20,"column":80}},"7":{"start":{"line":23,"column":23},"end":{"line":26,"column":5}},"8":{"start":{"line":24,"column":8},"end":{"line":24,"column":43}},"9":{"start":{"line":25,"column":8},"end":{"line":25,"column":29}},"10":{"start":{"line":28,"column":26},"end":{"line":31,"column":5}},"11":{"start":{"line":29,"column":8},"end":{"line":29,"column":41}},"12":{"start":{"line":30,"column":8},"end":{"line":30,"column":28}},"13":{"start":{"line":33,"column":4},"end":{"line":50,"column":6}},"14":{"start":{"line":44,"column":39},"end":{"line":44,"column":59}}},"fnMap":{"0":{"name":"(anonymous_0)","decl":{"start":{"line":12,"column":19},"end":{"line":12,"column":20}},"loc":{"start":{"line":12,"column":37},"end":{"line":51,"column":1}},"line":12},"1":{"name":"(anonymous_1)","decl":{"start":{"line":19,"column":14},"end":{"line":19,"column":15}},"loc":{"start":{"line":19,"column":20},"end":{"line":21,"column":5}},"line":19},"2":{"name":"(anonymous_2)","decl":{"start":{"line":23,"column":23},"end":{"line":23,"column":24}},"loc":{"start":{"line":23,"column":39},"end":{"line":26,"column":5}},"line":23},"3":{"name":"(anonymous_3)","decl":{"start":{"line":28,"column":26},"end":{"line":28,"column":27}},"loc":{"start":{"line":28,"column":49},"end":{"line":31,"column":5}},"line":28},"4":{"name":"(anonymous_4)","decl":{"start":{"line":44,"column":33},"end":{"line":44,"column":34}},"loc":{"start":{"line":44,"column":39},"end":{"line":44,"column":59}},"line":44}},"branchMap":{"0":{"loc":{"start":{"line":20,"column":8},"end":{"line":20,"column":79}},"type":"cond-expr","locations":[{"start":{"line":20,"column":37},"end":{"line":20,"column":57}},{"start":{"line":20,"column":60},"end":{"line":20,"column":79}}],"line":20},"1":{"loc":{"start":{"line":20,"column":8},"end":{"line":20,"column":34}},"type":"binary-expr","locations":[{"start":{"line":20,"column":8},"end":{"line":20,"column":12}},{"start":{"line":20,"column":16},"end":{"line":20,"column":34}}],"line":20}},"s":{"0":0,"1":0,"2":0,"3":0,"4":0,"5":0,"6":0,"7":0,"8":0,"9":0,"10":0,"11":0,"12":0,"13":0,"14":0},"f":{"0":0,"1":0,"2":0,"3":0,"4":0},"b":{"0":[0,0],"1":[0,0]}}
,"/Users/lanagordon/Desktop/Projects/untitled-project/src/components/search/search-input/SearchInput.tsx": {"path":"/Users/lanagordon/Desktop/Projects/untitled-project/src/components/search/search-input/SearchInput.tsx","statementMap":{"0":{"start":{"line":12,"column":20},"end":{"line":38,"column":1}},"1":{"start":{"line":13,"column":46},"end":{"line":13,"column":61}},"2":{"start":{"line":15,"column":4},"end":{"line":18,"column":11}},"3":{"start":{"line":16,"column":8},"end":{"line":16,"column":49}},"4":{"start":{"line":17,"column":8},"end":{"line":17,"column":35}},"5":{"start":{"line":20,"column":4},"end":{"line":37,"column":6}},"6":{"start":{"line":23,"column":44},"end":{"line":23,"column":67}},"7":{"start":{"line":26,"column":48},"end":{"line":26,"column":65}},"8":{"start":{"line":27,"column":55},"end":{"line":27,"column":73}},"9":{"start":{"line":30,"column":20},"end":{"line":33,"column":22}}},"fnMap":{"0":{"name":"(anonymous_0)","decl":{"start":{"line":12,"column":20},"end":{"line":12,"column":21}},"loc":{"start":{"line":12,"column":38},"end":{"line":38,"column":1}},"line":12},"1":{"name":"(anonymous_1)","decl":{"start":{"line":15,"column":14},"end":{"line":15,"column":15}},"loc":{"start":{"line":15,"column":20},"end":{"line":18,"column":5}},"line":15},"2":{"name":"(anonymous_2)","decl":{"start":{"line":23,"column":26},"end":{"line":23,"column":27}},"loc":{"start":{"line":23,"column":44},"end":{"line":23,"column":67}},"line":23},"3":{"name":"(anonymous_3)","decl":{"start":{"line":26,"column":25},"end":{"line":26,"column":26}},"loc":{"start":{"line":26,"column":48},"end":{"line":26,"column":65}},"line":26},"4":{"name":"(anonymous_4)","decl":{"start":{"line":27,"column":32},"end":{"line":27,"column":33}},"loc":{"start":{"line":27,"column":55},"end":{"line":27,"column":73}},"line":27},"5":{"name":"(anonymous_5)","decl":{"start":{"line":29,"column":29},"end":{"line":29,"column":30}},"loc":{"start":{"line":30,"column":20},"end":{"line":33,"column":22}},"line":30}},"branchMap":{},"s":{"0":0,"1":0,"2":0,"3":0,"4":0,"5":0,"6":0,"7":0,"8":0,"9":0},"f":{"0":0,"1":0,"2":0,"3":0,"4":0,"5":0},"b":{}}
,"/Users/lanagordon/Desktop/Projects/untitled-project/src/components/search/search-options/SearchOptions.tsx": {"path":"/Users/lanagordon/Desktop/Projects/untitled-project/src/components/search/search-options/SearchOptions.tsx","statementMap":{"0":{"start":{"line":9,"column":22},"end":{"line":48,"column":1}},"1":{"start":{"line":10,"column":34},"end":{"line":10,"column":61}},"2":{"start":{"line":12,"column":4},"end":{"line":14,"column":18}},"3":{"start":{"line":13,"column":8},"end":{"line":13,"column":37}},"4":{"start":{"line":16,"column":30},"end":{"line":28,"column":5}},"5":{"start":{"line":17,"column":31},"end":{"line":17,"column":62}},"6":{"start":{"line":19,"column":8},"end":{"line":25,"column":11}},"7":{"start":{"line":20,"column":12},"end":{"line":24,"column":13}},"8":{"start":{"line":21,"column":16},"end":{"line":21,"column":69}},"9":{"start":{"line":21,"column":47},"end":{"line":21,"column":67}},"10":{"start":{"line":23,"column":16},"end":{"line":23,"column":44}},"11":{"start":{"line":27,"column":8},"end":{"line":27,"column":27}},"12":{"start":{"line":30,"column":24},"end":{"line":35,"column":5}},"13":{"start":{"line":31,"column":33},"end":{"line":31,"column":52}},"14":{"start":{"line":32,"column":8},"end":{"line":34,"column":55}},"15":{"start":{"line":37,"column":4},"end":{"line":47,"column":6}},"16":{"start":{"line":40,"column":16},"end":{"line":44,"column":18}}},"fnMap":{"0":{"name":"(anonymous_0)","decl":{"start":{"line":9,"column":22},"end":{"line":9,"column":23}},"loc":{"start":{"line":9,"column":40},"end":{"line":48,"column":1}},"line":9},"1":{"name":"(anonymous_1)","decl":{"start":{"line":12,"column":14},"end":{"line":12,"column":15}},"loc":{"start":{"line":12,"column":20},"end":{"line":14,"column":5}},"line":12},"2":{"name":"(anonymous_2)","decl":{"start":{"line":16,"column":30},"end":{"line":16,"column":31}},"loc":{"start":{"line":16,"column":78},"end":{"line":28,"column":5}},"line":16},"3":{"name":"(anonymous_3)","decl":{"start":{"line":19,"column":19},"end":{"line":19,"column":20}},"loc":{"start":{"line":19,"column":39},"end":{"line":25,"column":9}},"line":19},"4":{"name":"(anonymous_4)","decl":{"start":{"line":21,"column":35},"end":{"line":21,"column":36}},"loc":{"start":{"line":21,"column":47},"end":{"line":21,"column":67}},"line":21},"5":{"name":"(anonymous_5)","decl":{"start":{"line":30,"column":24},"end":{"line":30,"column":25}},"loc":{"start":{"line":30,"column":72},"end":{"line":35,"column":5}},"line":30},"6":{"name":"(anonymous_6)","decl":{"start":{"line":39,"column":26},"end":{"line":39,"column":27}},"loc":{"start":{"line":40,"column":16},"end":{"line":44,"column":18}},"line":40}},"branchMap":{"0":{"loc":{"start":{"line":20,"column":12},"end":{"line":24,"column":13}},"type":"if","locations":[{"start":{"line":20,"column":12},"end":{"line":24,"column":13}},{"start":{"line":22,"column":19},"end":{"line":24,"column":13}}],"line":20},"1":{"loc":{"start":{"line":32,"column":8},"end":{"line":34,"column":54}},"type":"cond-expr","locations":[{"start":{"line":33,"column":14},"end":{"line":33,"column":57}},{"start":{"line":34,"column":14},"end":{"line":34,"column":54}}],"line":32}},"s":{"0":1,"1":1,"2":1,"3":1,"4":1,"5":0,"6":0,"7":0,"8":0,"9":0,"10":0,"11":0,"12":1,"13":0,"14":0,"15":1,"16":14},"f":{"0":1,"1":1,"2":0,"3":0,"4":0,"5":0,"6":14},"b":{"0":[0,0],"1":[0,0]},"_coverageSchema":"1a1c01bbd47fc00a2c39e90264f33305004495a9","hash":"662a4bcc83ba6bb0817a1c6896b97dafbaf54bf3"}
,"/Users/lanagordon/Desktop/Projects/untitled-project/src/components/search/search-options/mockFunctions.ts": {"path":"/Users/lanagordon/Desktop/Projects/untitled-project/src/components/search/search-options/mockFunctions.ts","statementMap":{"0":{"start":{"line":1,"column":37},"end":{"line":11,"column":1}},"1":{"start":{"line":5,"column":27},"end":{"line":5,"column":41}},"2":{"start":{"line":6,"column":4},"end":{"line":10,"column":5}},"3":{"start":{"line":7,"column":8},"end":{"line":7,"column":69}},"4":{"start":{"line":7,"column":47},"end":{"line":7,"column":67}},"5":{"start":{"line":9,"column":8},"end":{"line":9,"column":36}}},"fnMap":{"0":{"name":"(anonymous_0)","decl":{"start":{"line":1,"column":37},"end":{"line":1,"column":38}},"loc":{"start":{"line":4,"column":11},"end":{"line":11,"column":1}},"line":4},"1":{"name":"(anonymous_1)","decl":{"start":{"line":7,"column":27},"end":{"line":7,"column":28}},"loc":{"start":{"line":7,"column":47},"end":{"line":7,"column":67}},"line":7}},"branchMap":{"0":{"loc":{"start":{"line":6,"column":4},"end":{"line":10,"column":5}},"type":"if","locations":[{"start":{"line":6,"column":4},"end":{"line":10,"column":5}},{"start":{"line":8,"column":11},"end":{"line":10,"column":5}}],"line":6}},"s":{"0":0,"1":0,"2":0,"3":0,"4":0,"5":0},"f":{"0":0,"1":0},"b":{"0":[0,0]}}
,"/Users/lanagordon/Desktop/Projects/untitled-project/src/components/signup/signup.tsx": {"path":"/Users/lanagordon/Desktop/Projects/untitled-project/src/components/signup/signup.tsx","statementMap":{"0":{"start":{"line":8,"column":15},"end":{"line":95,"column":1}},"1":{"start":{"line":9,"column":40},"end":{"line":9,"column":59}},"2":{"start":{"line":10,"column":38},"end":{"line":10,"column":56}},"3":{"start":{"line":11,"column":36},"end":{"line":11,"column":54}},"4":{"start":{"line":12,"column":30},"end":{"line":12,"column":48}},"5":{"start":{"line":13,"column":36},"end":{"line":13,"column":54}},"6":{"start":{"line":14,"column":50},"end":{"line":14,"column":68}},"7":{"start":{"line":15,"column":44},"end":{"line":15,"column":68}},"8":{"start":{"line":17,"column":32},"end":{"line":23,"column":6}},"9":{"start":{"line":25,"column":21},"end":{"line":25,"column":34}},"10":{"start":{"line":27,"column":33},"end":{"line":30,"column":5}},"11":{"start":{"line":28,"column":8},"end":{"line":28,"column":28}},"12":{"start":{"line":29,"column":8},"end":{"line":29,"column":39}},"13":{"start":{"line":32,"column":4},"end":{"line":94,"column":6}},"14":{"start":{"line":88,"column":39},"end":{"line":88,"column":52}}},"fnMap":{"0":{"name":"(anonymous_0)","decl":{"start":{"line":8,"column":15},"end":{"line":8,"column":16}},"loc":{"start":{"line":8,"column":21},"end":{"line":95,"column":1}},"line":8},"1":{"name":"(anonymous_1)","decl":{"start":{"line":27,"column":33},"end":{"line":27,"column":34}},"loc":{"start":{"line":27,"column":45},"end":{"line":30,"column":5}},"line":27},"2":{"name":"(anonymous_2)","decl":{"start":{"line":88,"column":33},"end":{"line":88,"column":34}},"loc":{"start":{"line":88,"column":39},"end":{"line":88,"column":52}},"line":88}},"branchMap":{"0":{"loc":{"start":{"line":61,"column":34},"end":{"line":61,"column":68}},"type":"cond-expr","locations":[{"start":{"line":61,"column":49},"end":{"line":61,"column":55}},{"start":{"line":61,"column":58},"end":{"line":61,"column":68}}],"line":61},"1":{"loc":{"start":{"line":67,"column":25},"end":{"line":71,"column":25}},"type":"cond-expr","locations":[{"start":{"line":68,"column":28},"end":{"line":68,"column":70}},{"start":{"line":70,"column":28},"end":{"line":70,"column":65}}],"line":67},"2":{"loc":{"start":{"line":80,"column":34},"end":{"line":80,"column":68}},"type":"cond-expr","locations":[{"start":{"line":80,"column":49},"end":{"line":80,"column":55}},{"start":{"line":80,"column":58},"end":{"line":80,"column":68}}],"line":80}},"s":{"0":0,"1":0,"2":0,"3":0,"4":0,"5":0,"6":0,"7":0,"8":0,"9":0,"10":0,"11":0,"12":0,"13":0,"14":0},"f":{"0":0,"1":0,"2":0},"b":{"0":[0,0],"1":[0,0],"2":[0,0]}}
,"/Users/lanagordon/Desktop/Projects/untitled-project/src/constants/cities.js": {"path":"/Users/lanagordon/Desktop/Projects/untitled-project/src/constants/cities.js","statementMap":{"0":{"start":{"line":1,"column":15},"end":{"line":8,"column":1}}},"fnMap":{},"branchMap":{},"s":{"0":0},"f":{},"b":{}}
,"/Users/lanagordon/Desktop/Projects/untitled-project/src/constants/regions.js": {"path":"/Users/lanagordon/Desktop/Projects/untitled-project/src/constants/regions.js","statementMap":{"0":{"start":{"line":1,"column":16},"end":{"line":4,"column":1}}},"fnMap":{},"branchMap":{},"s":{"0":0},"f":{},"b":{}}
,"/Users/lanagordon/Desktop/Projects/untitled-project/src/constants/salon-services.js": {"path":"/Users/lanagordon/Desktop/Projects/untitled-project/src/constants/salon-services.js","statementMap":{"0":{"start":{"line":1,"column":22},"end":{"line":18,"column":1}}},"fnMap":{},"branchMap":{},"s":{"0":0},"f":{},"b":{}}
,"/Users/lanagordon/Desktop/Projects/untitled-project/src/constants/services.js": {"path":"/Users/lanagordon/Desktop/Projects/untitled-project/src/constants/services.js","statementMap":{"0":{"start":{"line":1,"column":17},"end":{"line":16,"column":1}}},"fnMap":{},"branchMap":{},"s":{"0":1},"f":{},"b":{},"_coverageSchema":"1a1c01bbd47fc00a2c39e90264f33305004495a9","hash":"3c6f659e61a1bbdb1aab8af9e79dd3e4429d22b3"}
,"/Users/lanagordon/Desktop/Projects/untitled-project/src/pages/HomePage.tsx": {"path":"/Users/lanagordon/Desktop/Projects/untitled-project/src/pages/HomePage.tsx","statementMap":{"0":{"start":{"line":10,"column":17},"end":{"line":26,"column":1}},"1":{"start":{"line":11,"column":4},"end":{"line":25,"column":6}}},"fnMap":{"0":{"name":"(anonymous_0)","decl":{"start":{"line":10,"column":17},"end":{"line":10,"column":18}},"loc":{"start":{"line":10,"column":35},"end":{"line":26,"column":1}},"line":10}},"branchMap":{},"s":{"0":0,"1":0},"f":{"0":0},"b":{}}
,"/Users/lanagordon/Desktop/Projects/untitled-project/src/pages/LogInPage.tsx": {"path":"/Users/lanagordon/Desktop/Projects/untitled-project/src/pages/LogInPage.tsx","statementMap":{"0":{"start":{"line":4,"column":18},"end":{"line":12,"column":1}},"1":{"start":{"line":5,"column":4},"end":{"line":11,"column":6}}},"fnMap":{"0":{"name":"(anonymous_0)","decl":{"start":{"line":4,"column":18},"end":{"line":4,"column":19}},"loc":{"start":{"line":4,"column":34},"end":{"line":12,"column":1}},"line":4}},"branchMap":{},"s":{"0":0,"1":0},"f":{"0":0},"b":{}}
,"/Users/lanagordon/Desktop/Projects/untitled-project/src/pages/ResultsPage.tsx": {"path":"/Users/lanagordon/Desktop/Projects/untitled-project/src/pages/ResultsPage.tsx","statementMap":{"0":{"start":{"line":11,"column":20},"end":{"line":21,"column":1}},"1":{"start":{"line":12,"column":4},"end":{"line":20,"column":6}}},"fnMap":{"0":{"name":"(anonymous_0)","decl":{"start":{"line":11,"column":20},"end":{"line":11,"column":21}},"loc":{"start":{"line":11,"column":38},"end":{"line":21,"column":1}},"line":11}},"branchMap":{"0":{"loc":{"start":{"line":17,"column":34},"end":{"line":17,"column":64}},"type":"binary-expr","locations":[{"start":{"line":17,"column":34},"end":{"line":17,"column":47}},{"start":{"line":17,"column":51},"end":{"line":17,"column":64}}],"line":17}},"s":{"0":0,"1":0},"f":{"0":0},"b":{"0":[0,0]}}
,"/Users/lanagordon/Desktop/Projects/untitled-project/src/pages/SignUpPage.tsx": {"path":"/Users/lanagordon/Desktop/Projects/untitled-project/src/pages/SignUpPage.tsx","statementMap":{"0":{"start":{"line":6,"column":19},"end":{"line":19,"column":1}},"1":{"start":{"line":7,"column":4},"end":{"line":18,"column":6}}},"fnMap":{"0":{"name":"(anonymous_0)","decl":{"start":{"line":6,"column":19},"end":{"line":6,"column":20}},"loc":{"start":{"line":6,"column":35},"end":{"line":19,"column":1}},"line":6}},"branchMap":{},"s":{"0":0,"1":0},"f":{"0":0},"b":{}}
,"/Users/lanagordon/Desktop/Projects/untitled-project/src/types/location.tsx": {"path":"/Users/lanagordon/Desktop/Projects/untitled-project/src/types/location.tsx","statementMap":{"0":{"start":{"line":8,"column":8},"end":{"line":8,"column":33}},"1":{"start":{"line":9,"column":8},"end":{"line":9,"column":35}},"2":{"start":{"line":10,"column":8},"end":{"line":10,"column":30}},"3":{"start":{"line":11,"column":8},"end":{"line":11,"column":32}},"4":{"start":{"line":12,"column":8},"end":{"line":12,"column":33}}},"fnMap":{"0":{"name":"(anonymous_0)","decl":{"start":{"line":7,"column":4},"end":{"line":7,"column":5}},"loc":{"start":{"line":7,"column":18},"end":{"line":13,"column":5}},"line":7}},"branchMap":{},"s":{"0":0,"1":0,"2":0,"3":0,"4":0},"f":{"0":0},"b":{}}
,"/Users/lanagordon/Desktop/Projects/untitled-project/src/types/salons.tsx": {"path":"/Users/lanagordon/Desktop/Projects/untitled-project/src/types/salons.tsx","statementMap":{"0":{"start":{"line":12,"column":8},"end":{"line":12,"column":28}},"1":{"start":{"line":13,"column":8},"end":{"line":13,"column":30}},"2":{"start":{"line":14,"column":8},"end":{"line":14,"column":38}},"3":{"start":{"line":15,"column":8},"end":{"line":15,"column":39}},"4":{"start":{"line":16,"column":8},"end":{"line":16,"column":34}},"5":{"start":{"line":17,"column":8},"end":{"line":17,"column":34}}},"fnMap":{"0":{"name":"(anonymous_0)","decl":{"start":{"line":11,"column":4},"end":{"line":11,"column":5}},"loc":{"start":{"line":11,"column":18},"end":{"line":18,"column":5}},"line":11}},"branchMap":{},"s":{"0":0,"1":0,"2":0,"3":0,"4":0,"5":0},"f":{"0":0},"b":{}}
,"/Users/lanagordon/Desktop/Projects/untitled-project/src/types/social-links.tsx": {"path":"/Users/lanagordon/Desktop/Projects/untitled-project/src/types/social-links.tsx","statementMap":{"0":{"start":{"line":6,"column":8},"end":{"line":6,"column":33}},"1":{"start":{"line":7,"column":8},"end":{"line":7,"column":35}},"2":{"start":{"line":8,"column":8},"end":{"line":8,"column":34}}},"fnMap":{"0":{"name":"(anonymous_0)","decl":{"start":{"line":5,"column":4},"end":{"line":5,"column":5}},"loc":{"start":{"line":5,"column":18},"end":{"line":9,"column":5}},"line":5}},"branchMap":{},"s":{"0":0,"1":0,"2":0},"f":{"0":0},"b":{}}
,"/Users/lanagordon/Desktop/Projects/untitled-project/src/types/studios.tsx": {"path":"/Users/lanagordon/Desktop/Projects/untitled-project/src/types/studios.tsx","statementMap":{"0":{"start":{"line":15,"column":8},"end":{"line":15,"column":28}},"1":{"start":{"line":16,"column":8},"end":{"line":16,"column":30}},"2":{"start":{"line":17,"column":8},"end":{"line":17,"column":38}},"3":{"start":{"line":18,"column":8},"end":{"line":18,"column":39}},"4":{"start":{"line":19,"column":8},"end":{"line":19,"column":34}},"5":{"start":{"line":20,"column":8},"end":{"line":20,"column":30}},"6":{"start":{"line":21,"column":8},"end":{"line":21,"column":34}}},"fnMap":{"0":{"name":"(anonymous_0)","decl":{"start":{"line":14,"column":4},"end":{"line":14,"column":5}},"loc":{"start":{"line":14,"column":18},"end":{"line":22,"column":5}},"line":14}},"branchMap":{},"s":{"0":0,"1":0,"2":0,"3":0,"4":0,"5":0,"6":0},"f":{"0":0},"b":{}}
,"/Users/lanagordon/Desktop/Projects/untitled-project/src/utils/tests/app/mock-app-functions.tsx": {"path":"/Users/lanagordon/Desktop/Projects/untitled-project/src/utils/tests/app/mock-app-functions.tsx","statementMap":{"0":{"start":{"line":3,"column":39},"end":{"line":15,"column":1}},"1":{"start":{"line":7,"column":4},"end":{"line":9,"column":5}},"2":{"start":{"line":8,"column":8},"end":{"line":8,"column":23}},"3":{"start":{"line":10,"column":4},"end":{"line":14,"column":7}},"4":{"start":{"line":11,"column":8},"end":{"line":13,"column":11}},"5":{"start":{"line":12,"column":12},"end":{"line":12,"column":54}}},"fnMap":{"0":{"name":"(anonymous_0)","decl":{"start":{"line":3,"column":39},"end":{"line":3,"column":40}},"loc":{"start":{"line":6,"column":5},"end":{"line":15,"column":1}},"line":6},"1":{"name":"(anonymous_1)","decl":{"start":{"line":10,"column":27},"end":{"line":10,"column":28}},"loc":{"start":{"line":10,"column":47},"end":{"line":14,"column":5}},"line":10},"2":{"name":"(anonymous_2)","decl":{"start":{"line":11,"column":29},"end":{"line":11,"column":30}},"loc":{"start":{"line":11,"column":50},"end":{"line":13,"column":9}},"line":11}},"branchMap":{"0":{"loc":{"start":{"line":7,"column":4},"end":{"line":9,"column":5}},"type":"if","locations":[{"start":{"line":7,"column":4},"end":{"line":9,"column":5}},{"start":{},"end":{}}],"line":7}},"s":{"0":1,"1":5,"2":1,"3":4,"4":20,"5":27},"f":{"0":5,"1":20,"2":27},"b":{"0":[1,4]},"_coverageSchema":"1a1c01bbd47fc00a2c39e90264f33305004495a9","hash":"d274646ad9f1c037c9559785dd3e5e24d426f76a"}
}
