TN:
SF:src/App.tsx
FN:11,(anonymous_0)
FN:16,(anonymous_1)
FN:18,(anonymous_2)
FN:24,(anonymous_3)
FN:28,(anonymous_4)
FN:32,(anonymous_5)
FN:37,(anonymous_6)
FN:38,(anonymous_7)
FNF:8
FNH:0
FNDA:0,(anonymous_0)
FNDA:0,(anonymous_1)
FNDA:0,(anonymous_2)
FNDA:0,(anonymous_3)
FNDA:0,(anonymous_4)
FNDA:0,(anonymous_5)
FNDA:0,(anonymous_6)
FNDA:0,(anonymous_7)
DA:11,0
DA:12,0
DA:13,0
DA:14,0
DA:16,0
DA:17,0
DA:19,0
DA:24,0
DA:25,0
DA:28,0
DA:29,0
DA:32,0
DA:33,0
DA:34,0
DA:36,0
DA:38,0
DA:39,0
DA:43,0
DA:47,0
LF:19
LH:0
BRDA:33,0,0,0
BRDA:33,0,1,0
BRF:2
BRH:0
end_of_record
TN:
SF:src/index.tsx
FNF:0
FNH:0
DA:7,0
DA:10,0
LF:2
LH:0
BRF:0
BRH:0
end_of_record
TN:
SF:src/components/autocomplete/Trie.js
FN:1,TrieNode
FN:12,getWord
FN:23,Trie
FN:33,insert
FN:52,contains
FN:68,find
FN:88,findAllWords
FNF:7
FNH:0
FNDA:0,TrieNode
FNDA:0,getWord
FNDA:0,Trie
FNDA:0,insert
FNDA:0,contains
FNDA:0,find
FNDA:0,findAllWords
DA:3,0
DA:4,0
DA:5,0
DA:6,0
DA:9,0
DA:13,0
DA:14,0
DA:15,0
DA:16,0
DA:17,0
DA:19,0
DA:25,0
DA:28,0
DA:29,0
DA:30,0
DA:34,0
DA:35,0
DA:36,0
DA:37,0
DA:39,0
DA:40,0
DA:42,0
DA:45,0
DA:46,0
DA:53,0
DA:54,0
DA:55,0
DA:56,0
DA:57,0
DA:59,0
DA:61,0
DA:64,0
DA:69,0
DA:70,0
DA:71,0
DA:72,0
DA:73,0
DA:74,0
DA:76,0
DA:78,0
DA:83,0
DA:84,0
DA:89,0
DA:91,0
DA:95,0
DA:96,0
LF:46
LH:0
BRDA:37,0,0,0
BRDA:37,0,1,0
BRDA:45,1,0,0
BRDA:45,1,1,0
BRDA:57,2,0,0
BRDA:57,2,1,0
BRDA:74,3,0,0
BRDA:74,3,1,0
BRDA:89,4,0,0
BRDA:89,4,1,0
BRF:10
BRH:0
end_of_record
TN:
SF:src/components/buttons/cta-button/CtaButton.tsx
FN:5,(anonymous_0)
FNF:1
FNH:1
FNDA:1,(anonymous_0)
DA:5,1
DA:6,1
LF:2
LH:2
BRF:0
BRH:0
end_of_record
TN:
SF:src/components/buttons/option-button/OptionButton.tsx
FN:8,(anonymous_0)
FNF:1
FNH:1
FNDA:14,(anonymous_0)
DA:8,1
DA:9,14
LF:2
LH:2
BRF:0
BRH:0
end_of_record
TN:
SF:src/components/header/Header.tsx
FN:8,(anonymous_0)
FNF:1
FNH:1
FNDA:3,(anonymous_0)
DA:8,1
DA:9,3
LF:2
LH:2
BRF:0
BRH:0
end_of_record
TN:
SF:src/components/navbar/Navbar.tsx
FN:7,(anonymous_0)
FN:10,(anonymous_1)
FNF:2
FNH:1
FNDA:5,(anonymous_0)
FNDA:0,(anonymous_1)
DA:7,1
DA:8,5
DA:10,5
DA:11,0
DA:14,5
LF:5
LH:4
BRDA:11,0,0,0
BRDA:11,0,1,0
BRDA:27,1,0,0
BRDA:27,1,1,5
BRDA:36,2,0,0
BRDA:36,2,1,5
BRF:6
BRH:2
end_of_record
TN:
SF:src/components/results/Results.tsx
FN:10,(anonymous_0)
FN:16,(anonymous_1)
FN:23,(anonymous_2)
FN:37,(anonymous_3)
FNF:4
FNH:4
FNDA:48,(anonymous_0)
FNDA:20,(anonymous_1)
FNDA:3,(anonymous_2)
FNDA:5,(anonymous_3)
DA:10,3
DA:11,48
DA:12,48
DA:13,48
DA:14,48
DA:16,48
DA:17,20
DA:18,20
DA:19,20
DA:23,48
DA:24,3
DA:25,3
DA:28,3
DA:31,3
DA:37,48
DA:38,5
DA:39,5
DA:42,5
DA:45,5
DA:51,48
LF:20
LH:20
BRDA:17,0,0,20
BRDA:17,0,1,0
BRDA:24,1,0,3
BRDA:24,1,1,0
BRDA:26,2,0,2
BRDA:26,2,1,1
BRDA:29,3,0,2
BRDA:29,3,1,1
BRDA:32,4,0,0
BRDA:32,4,1,3
BRDA:38,5,0,5
BRDA:38,5,1,0
BRDA:40,6,0,0
BRDA:40,6,1,5
BRDA:43,7,0,4
BRDA:43,7,1,1
BRDA:46,8,0,1
BRDA:46,8,1,4
BRDA:60,9,0,46
BRDA:60,9,1,2
BRDA:60,10,0,48
BRDA:60,10,1,48
BRDA:62,11,0,46
BRDA:62,11,1,16
BRDA:68,12,0,46
BRDA:68,12,1,30
BRF:26
BRH:21
end_of_record
TN:
SF:src/components/results/results-card/ResultsCard.tsx
FN:12,(anonymous_0)
FNF:1
FNH:1
FNDA:106,(anonymous_0)
DA:12,3
DA:13,106
LF:2
LH:2
BRDA:14,0,0,60
BRDA:14,0,1,46
BRDA:15,1,0,106
BRDA:15,1,1,106
BRF:4
BRH:4
end_of_record
TN:
SF:src/components/results/results-nav/ResultsNav.tsx
FN:14,(anonymous_0)
FNF:1
FNH:1
FNDA:48,(anonymous_0)
DA:14,3
DA:15,48
LF:2
LH:2
BRDA:24,0,0,21
BRDA:24,0,1,27
BRF:2
BRH:2
end_of_record
TN:
SF:src/components/search/SearchForm.tsx
FN:12,(anonymous_0)
FN:19,(anonymous_1)
FN:23,(anonymous_2)
FN:28,(anonymous_3)
FN:44,(anonymous_4)
FNF:5
FNH:0
FNDA:0,(anonymous_0)
FNDA:0,(anonymous_1)
FNDA:0,(anonymous_2)
FNDA:0,(anonymous_3)
FNDA:0,(anonymous_4)
DA:12,0
DA:13,0
DA:14,0
DA:15,0
DA:17,0
DA:19,0
DA:20,0
DA:23,0
DA:24,0
DA:25,0
DA:28,0
DA:29,0
DA:30,0
DA:33,0
DA:44,0
LF:15
LH:0
BRDA:20,0,0,0
BRDA:20,0,1,0
BRDA:20,1,0,0
BRDA:20,1,1,0
BRF:4
BRH:0
end_of_record
TN:
SF:src/components/search/search-input/SearchInput.tsx
FN:12,(anonymous_0)
FN:15,(anonymous_1)
FN:23,(anonymous_2)
FN:26,(anonymous_3)
FN:27,(anonymous_4)
FN:29,(anonymous_5)
FNF:6
FNH:0
FNDA:0,(anonymous_0)
FNDA:0,(anonymous_1)
FNDA:0,(anonymous_2)
FNDA:0,(anonymous_3)
FNDA:0,(anonymous_4)
FNDA:0,(anonymous_5)
DA:12,0
DA:13,0
DA:15,0
DA:16,0
DA:17,0
DA:20,0
DA:23,0
DA:26,0
DA:27,0
DA:30,0
LF:10
LH:0
BRF:0
BRH:0
end_of_record
TN:
SF:src/components/search/search-options/SearchOptions.tsx
FN:9,(anonymous_0)
FN:12,(anonymous_1)
FN:16,(anonymous_2)
FN:19,(anonymous_3)
FN:21,(anonymous_4)
FN:30,(anonymous_5)
FN:39,(anonymous_6)
FNF:7
FNH:3
FNDA:1,(anonymous_0)
FNDA:1,(anonymous_1)
FNDA:0,(anonymous_2)
FNDA:0,(anonymous_3)
FNDA:0,(anonymous_4)
FNDA:0,(anonymous_5)
FNDA:14,(anonymous_6)
DA:9,1
DA:10,1
DA:12,1
DA:13,1
DA:16,1
DA:17,0
DA:19,0
DA:20,0
DA:21,0
DA:23,0
DA:27,0
DA:30,1
DA:31,0
DA:32,0
DA:37,1
DA:40,14
LF:16
LH:8
BRDA:20,0,0,0
BRDA:20,0,1,0
BRDA:32,1,0,0
BRDA:32,1,1,0
BRF:4
BRH:0
end_of_record
TN:
SF:src/components/search/search-options/mockFunctions.ts
FN:1,(anonymous_0)
FN:7,(anonymous_1)
FNF:2
FNH:0
FNDA:0,(anonymous_0)
FNDA:0,(anonymous_1)
DA:1,0
DA:5,0
DA:6,0
DA:7,0
DA:9,0
LF:5
LH:0
BRDA:6,0,0,0
BRDA:6,0,1,0
BRF:2
BRH:0
end_of_record
TN:
SF:src/components/signup/signup.tsx
FN:8,(anonymous_0)
FN:27,(anonymous_1)
FN:88,(anonymous_2)
FNF:3
FNH:0
FNDA:0,(anonymous_0)
FNDA:0,(anonymous_1)
FNDA:0,(anonymous_2)
DA:8,0
DA:9,0
DA:10,0
DA:11,0
DA:12,0
DA:13,0
DA:14,0
DA:15,0
DA:17,0
DA:25,0
DA:27,0
DA:28,0
DA:29,0
DA:32,0
DA:88,0
LF:15
LH:0
BRDA:61,0,0,0
BRDA:61,0,1,0
BRDA:67,1,0,0
BRDA:67,1,1,0
BRDA:80,2,0,0
BRDA:80,2,1,0
BRF:6
BRH:0
end_of_record
TN:
SF:src/constants/cities.js
FNF:0
FNH:0
DA:1,0
LF:1
LH:0
BRF:0
BRH:0
end_of_record
TN:
SF:src/constants/regions.js
FNF:0
FNH:0
DA:1,0
LF:1
LH:0
BRF:0
BRH:0
end_of_record
TN:
SF:src/constants/salon-services.js
FNF:0
FNH:0
DA:1,0
LF:1
LH:0
BRF:0
BRH:0
end_of_record
TN:
SF:src/constants/services.js
FNF:0
FNH:0
DA:1,1
LF:1
LH:1
BRF:0
BRH:0
end_of_record
TN:
SF:src/pages/HomePage.tsx
FN:10,(anonymous_0)
FNF:1
FNH:0
FNDA:0,(anonymous_0)
DA:10,0
DA:11,0
LF:2
LH:0
BRF:0
BRH:0
end_of_record
TN:
SF:src/pages/LogInPage.tsx
FN:4,(anonymous_0)
FNF:1
FNH:0
FNDA:0,(anonymous_0)
DA:4,0
DA:5,0
LF:2
LH:0
BRF:0
BRH:0
end_of_record
TN:
SF:src/pages/ResultsPage.tsx
FN:11,(anonymous_0)
FNF:1
FNH:0
FNDA:0,(anonymous_0)
DA:11,0
DA:12,0
LF:2
LH:0
BRDA:17,0,0,0
BRDA:17,0,1,0
BRF:2
BRH:0
end_of_record
TN:
SF:src/pages/SignUpPage.tsx
FN:6,(anonymous_0)
FNF:1
FNH:0
FNDA:0,(anonymous_0)
DA:6,0
DA:7,0
LF:2
LH:0
BRF:0
BRH:0
end_of_record
TN:
SF:src/types/location.tsx
FN:7,(anonymous_0)
FNF:1
FNH:0
FNDA:0,(anonymous_0)
DA:8,0
DA:9,0
DA:10,0
DA:11,0
DA:12,0
LF:5
LH:0
BRF:0
BRH:0
end_of_record
TN:
SF:src/types/salons.tsx
FN:11,(anonymous_0)
FNF:1
FNH:0
FNDA:0,(anonymous_0)
DA:12,0
DA:13,0
DA:14,0
DA:15,0
DA:16,0
DA:17,0
LF:6
LH:0
BRF:0
BRH:0
end_of_record
TN:
SF:src/types/social-links.tsx
FN:5,(anonymous_0)
FNF:1
FNH:0
FNDA:0,(anonymous_0)
DA:6,0
DA:7,0
DA:8,0
LF:3
LH:0
BRF:0
BRH:0
end_of_record
TN:
SF:src/types/studios.tsx
FN:14,(anonymous_0)
FNF:1
FNH:0
FNDA:0,(anonymous_0)
DA:15,0
DA:16,0
DA:17,0
DA:18,0
DA:19,0
DA:20,0
DA:21,0
LF:7
LH:0
BRF:0
BRH:0
end_of_record
TN:
SF:src/utils/tests/app/mock-app-functions.tsx
FN:3,(anonymous_0)
FN:10,(anonymous_1)
FN:11,(anonymous_2)
FNF:3
FNH:3
FNDA:5,(anonymous_0)
FNDA:20,(anonymous_1)
FNDA:27,(anonymous_2)
DA:3,1
DA:7,5
DA:8,1
DA:10,4
DA:11,20
DA:12,27
LF:6
LH:6
BRDA:7,0,0,1
BRDA:7,0,1,4
BRF:2
BRH:2
end_of_record
